src/app/(public)/page.tsx(31,57): error TS2554: Expected 0 arguments, but got 1.
src/app/(public)/page.tsx(38,32): error TS2339: Property 'nameBn' does not exist on type '{ id: string; schoolNameBn: string; schoolNameEn: string; logoUrl: string | null; primaryColor: string; secondaryColor: string | null; eiin: string | null; addressBn: string; addressEn: string; ... 4 more ...; updatedAt: Date; }'.
src/app/(public)/page.tsx(39,32): error TS2339: Property 'nameEn' does not exist on type '{ id: string; schoolNameBn: string; schoolNameEn: string; logoUrl: string | null; primaryColor: string; secondaryColor: string | null; eiin: string | null; addressBn: string; addressEn: string; ... 4 more ...; updatedAt: Date; }'.
